<?xml version="1.0" encoding="UTF-8"?>
<testng-results skipped="0" failed="0" ignored="3" total="4" passed="1">
  <reporter-output>
  </reporter-output>
  <suite name="All Test Suite" duration-ms="4428" started-at="2021-05-30T17:01:37 EDT" finished-at="2021-05-30T17:01:41 EDT">
    <groups>
      <group name="sanity">
        <method signature="LoginTest.adminLogin()[pri:0, instance:testcases.LoginTest@887af79]" name="adminLogin" class="testcases.LoginTest"/>
      </group> <!-- sanity -->
    </groups>
    <test name="Regression test" duration-ms="4428" started-at="2021-05-30T17:01:37 EDT" finished-at="2021-05-30T17:01:41 EDT">
      <class name="testcases.LoginTest">
        <test-method status="PASS" signature="setUp()[pri:0, instance:testcases.LoginTest@887af79]" name="setUp" is-config="true" duration-ms="2424" started-at="2021-05-30T17:01:37 EDT" finished-at="2021-05-30T17:01:39 EDT">
          <reporter-output>
          </reporter-output>
        </test-method> <!-- setUp -->
        <test-method status="PASS" signature="adminLogin()[pri:0, instance:testcases.LoginTest@887af79]" name="adminLogin" duration-ms="1641" started-at="2021-05-30T17:01:39 EDT" finished-at="2021-05-30T17:01:41 EDT">
          <reporter-output>
          </reporter-output>
        </test-method> <!-- adminLogin -->
        <test-method status="PASS" signature="tearDown()[pri:0, instance:testcases.LoginTest@887af79]" name="tearDown" is-config="true" duration-ms="84" started-at="2021-05-30T17:01:41 EDT" finished-at="2021-05-30T17:01:41 EDT">
          <reporter-output>
          </reporter-output>
        </test-method> <!-- tearDown -->
      </class> <!-- testcases.LoginTest -->
    </test> <!-- Regression test -->
  </suite> <!-- All Test Suite -->
</testng-results>
