<?xml version="1.0" encoding="UTF-8"?>
<!-- Generated by org.testng.reporters.JUnitXMLReporter -->
<testsuite hostname="macbook-pro.lan" ignored="3" name="Regression test" tests="1" failures="0" timestamp="2021-05-30T17:01:41 EDT" time="4.428" errors="0">
  <testcase name="adminLogin" time="1.641" classname="testcases.LoginTest"/>
  <testcase name="addMultipleEmployees" time="0.0" classname="testcases.AddEmployeeTest">
    <ignored/>
  </testcase> <!-- addMultipleEmployees -->
  <testcase name="invalidLoginErrorMessageValidation" time="0.0" classname="testcases.LoginTest">
    <ignored/>
  </testcase> <!-- invalidLoginErrorMessageValidation -->
  <testcase name="addEmployee" time="0.0" classname="testcases.AddEmployeeTest">
    <ignored/>
  </testcase> <!-- addEmployee -->
</testsuite> <!-- Regression test -->
